<?xml version="1.0" encoding="UTF-8"?>
<!-- Generated by org.testng.reporters.JUnitReportReporter -->
<testsuite hostname="DESKTOP-H7ATO7U" failures="0" tests="1" name="com.mystore.testcases.AddToCartPageTest" time="21.030" errors="0" timestamp="2022-03-16T18:54:20 IST" skipped="0">
  <testcase classname="com.mystore.testcases.AddToCartPageTest" name="addToCartTest" time="21.030"/>
  <system-out/>
</testsuite> <!-- com.mystore.testcases.AddToCartPageTest -->
