<?xml version="1.0" encoding="UTF-8"?>
<!-- Generated by org.testng.reporters.JUnitReportReporter -->
<testsuite hostname="DESKTOP-H7ATO7U" failures="0" tests="2" name="com.mystore.testcases.HomePageTest" time="59.437" errors="0" timestamp="2022-03-15T01:17:24 IST" skipped="0">
  <testcase classname="com.mystore.testcases.HomePageTest" name="wishListTest" time="28.347"/>
  <system-out/>
  <testcase classname="com.mystore.testcases.HomePageTest" name="orderHistoryDetailsTest" time="31.090"/>
  <system-out/>
</testsuite> <!-- com.mystore.testcases.HomePageTest -->
