<?xml version="1.0" encoding="UTF-8"?>
<!-- Generated by org.testng.reporters.JUnitReportReporter -->
<testsuite hostname="DESKTOP-H7ATO7U" failures="0" tests="1" name="com.mystore.testcases.SearchResultPageTest" time="14.289" errors="0" timestamp="2022-03-16T01:48:24 IST" skipped="0">
  <testcase classname="com.mystore.testcases.SearchResultPageTest" name="productAvialabilityTest" time="14.289"/>
  <system-out/>
</testsuite> <!-- com.mystore.testcases.SearchResultPageTest -->
