<?xml version="1.0" encoding="UTF-8"?>
<!-- Generated by org.testng.reporters.JUnitReportReporter -->
<testsuite hostname="DESKTOP-H7ATO7U" failures="0" tests="1" name="com.mystore.testcases.OrderPageTest" time="21.695" errors="0" timestamp="2022-06-19T00:03:48 IST" skipped="0">
  <testcase classname="com.mystore.testcases.OrderPageTest" name="verifyTotalPrice" time="21.695"/>
  <system-out/>
</testsuite> <!-- com.mystore.testcases.OrderPageTest -->
