<?xml version="1.0" encoding="UTF-8"?>
<!-- Generated by org.testng.reporters.JUnitReportReporter -->
<testsuite hostname="DESKTOP-H7ATO7U" failures="0" tests="2" name="com.mystore.testcases.IndexPageTest" time="24.499" errors="0" timestamp="2022-05-21T16:59:37 IST" skipped="0">
  <testcase classname="com.mystore.testcases.IndexPageTest" name="verifyLogo" time="10.825"/>
  <system-out/>
  <testcase classname="com.mystore.testcases.IndexPageTest" name="verifyTitle" time="13.674"/>
  <system-out/>
</testsuite> <!-- com.mystore.testcases.IndexPageTest -->
