<?xml version="1.0" encoding="UTF-8"?>
<!-- Generated by org.testng.reporters.JUnitReportReporter -->
<testsuite hostname="DESKTOP-H7ATO7U" failures="0" tests="2" name="com.mystore.testcases.IndexPageTest" time="0.196" errors="0" timestamp="2022-03-13T21:40:51 IST" skipped="0">
  <testcase classname="com.mystore.testcases.IndexPageTest" name="verifyLogo" time="0.185"/>
  <system-out/>
  <testcase classname="com.mystore.testcases.IndexPageTest" name="verifyTitle" time="0.011"/>
  <system-out/>
</testsuite> <!-- com.mystore.testcases.IndexPageTest -->
