<?xml version="1.0" encoding="UTF-8"?>
<!-- Generated by org.testng.reporters.JUnitReportReporter -->
<testsuite hostname="DESKTOP-H7ATO7U" failures="0" tests="2" name="com.mystore.testcases.HomePageTest" time="46.303" errors="0" timestamp="2022-06-19T00:15:45 IST" skipped="0">
  <testcase classname="com.mystore.testcases.HomePageTest" name="wishListTest" time="28.526"/>
  <system-out/>
  <testcase classname="com.mystore.testcases.HomePageTest" name="orderHistoryDetailsTest" time="17.777"/>
  <system-out/>
</testsuite> <!-- com.mystore.testcases.HomePageTest -->
