<?xml version="1.0" encoding="UTF-8"?>
<!-- Generated by org.testng.reporters.JUnitReportReporter -->
<testsuite hostname="DESKTOP-H7ATO7U" failures="0" tests="2" name="com.mystore.testcases.IndexPageTest" time="19.154" errors="0" timestamp="2022-06-19T00:03:48 IST" skipped="0">
  <testcase classname="com.mystore.testcases.IndexPageTest" name="verifyLogo" time="9.859"/>
  <system-out/>
  <testcase classname="com.mystore.testcases.IndexPageTest" name="verifyTitle" time="9.295"/>
  <system-out/>
</testsuite> <!-- com.mystore.testcases.IndexPageTest -->
