<?xml version="1.0" encoding="UTF-8"?>
<!-- Generated by org.testng.reporters.JUnitReportReporter -->
<testsuite hostname="DESKTOP-H7ATO7U" failures="0" tests="2" name="com.mystore.testcases.IndexPageTest" time="19.283" errors="0" timestamp="2022-03-23T23:58:57 IST" skipped="0">
  <testcase classname="com.mystore.testcases.IndexPageTest" name="verifyTitle" time="8.617"/>
  <system-out/>
  <testcase classname="com.mystore.testcases.IndexPageTest" name="verifyLogo" time="10.666"/>
  <system-out/>
</testsuite> <!-- com.mystore.testcases.IndexPageTest -->
