<?xml version="1.0" encoding="UTF-8"?>
<!-- Generated by org.testng.reporters.JUnitReportReporter -->
<testsuite hostname="DESKTOP-H7ATO7U" failures="0" tests="1" name="com.mystore.testcases.EndToEndTest" time="43.123" errors="0" timestamp="2022-03-23T23:58:57 IST" skipped="0">
  <testcase classname="com.mystore.testcases.EndToEndTest" name="endToEndTest" time="43.123"/>
  <system-out/>
</testsuite> <!-- com.mystore.testcases.EndToEndTest -->
