<?xml version="1.0" encoding="UTF-8"?>
<!-- Generated by org.testng.reporters.JUnitReportReporter -->
<testsuite hostname="DESKTOP-H7ATO7U" failures="0" tests="2" name="com.mystore.testcases.IndexPageTest" time="0.383" errors="0" timestamp="2022-03-14T00:30:58 IST" skipped="0">
  <testcase classname="com.mystore.testcases.IndexPageTest" name="verifyTitle" time="0.024"/>
  <system-out/>
  <testcase classname="com.mystore.testcases.IndexPageTest" name="verifyLogo" time="0.359"/>
  <system-out/>
</testsuite> <!-- com.mystore.testcases.IndexPageTest -->
