<?xml version="1.0" encoding="UTF-8"?>
<!-- Generated by org.testng.reporters.JUnitReportReporter -->
<testsuite hostname="DESKTOP-H7ATO7U" failures="0" tests="1" name="com.mystore.testcases.EndToEndTest" time="64.526" errors="0" timestamp="2022-03-17T01:18:42 IST" skipped="0">
  <testcase classname="com.mystore.testcases.EndToEndTest" name="endToEndTest" time="64.526"/>
  <system-out/>
</testsuite> <!-- com.mystore.testcases.EndToEndTest -->
