<?xml version="1.0" encoding="UTF-8"?>
<!-- Generated by org.testng.reporters.JUnitReportReporter -->
<testsuite hostname="DESKTOP-H7ATO7U" failures="0" tests="1" name="com.mystore.testcases.OrderPageTest" time="44.478" errors="0" timestamp="2022-03-17T00:53:26 IST" skipped="0">
  <testcase classname="com.mystore.testcases.OrderPageTest" name="verifyTotalPrice" time="44.478"/>
  <system-out/>
</testsuite> <!-- com.mystore.testcases.OrderPageTest -->
