<?xml version="1.0" encoding="UTF-8"?>
<!-- Generated by org.testng.reporters.JUnitReportReporter -->
<testsuite hostname="DESKTOP-H7ATO7U" failures="0" tests="1" name="com.mystore.testcases.LoginPageTest" time="6.074" errors="0" timestamp="2022-03-14T00:45:50 IST" skipped="0">
  <testcase classname="com.mystore.testcases.LoginPageTest" name="loginTest" time="6.074"/>
  <system-out/>
</testsuite> <!-- com.mystore.testcases.LoginPageTest -->
