<?xml version="1.0" encoding="UTF-8"?>
<!-- Generated by org.testng.reporters.JUnitReportReporter -->
<testsuite hostname="DESKTOP-H7ATO7U" failures="0" tests="1" name="com.mystore.testcases.SearchResultPageTest" time="14.896" errors="0" timestamp="2022-05-21T16:59:37 IST" skipped="0">
  <testcase classname="com.mystore.testcases.SearchResultPageTest" name="productAvialabilityTest" time="14.896"/>
  <system-out/>
</testsuite> <!-- com.mystore.testcases.SearchResultPageTest -->
