<?xml version="1.0" encoding="UTF-8"?>
<!-- Generated by org.testng.reporters.JUnitReportReporter -->
<testsuite hostname="DESKTOP-H7ATO7U" failures="0" tests="2" name="com.mystore.testcases.HomePageTest" time="35.830" errors="0" timestamp="2022-05-21T16:59:37 IST" skipped="0">
  <testcase classname="com.mystore.testcases.HomePageTest" name="wishListTest" time="18.527"/>
  <system-out/>
  <testcase classname="com.mystore.testcases.HomePageTest" name="orderHistoryDetailsTest" time="17.303"/>
  <system-out/>
</testsuite> <!-- com.mystore.testcases.HomePageTest -->
