<?xml version="1.0" encoding="UTF-8"?>
<!-- Generated by org.testng.reporters.JUnitReportReporter -->
<testsuite hostname="DESKTOP-H7ATO7U" failures="0" tests="1" name="com.mystore.testcases.LoginPageTest" time="20.391" errors="0" timestamp="2022-03-23T23:49:53 IST" skipped="0">
  <testcase classname="com.mystore.testcases.LoginPageTest" name="loginTest" time="20.391"/>
  <system-out/>
</testsuite> <!-- com.mystore.testcases.LoginPageTest -->
